<?xml version="1.0" encoding="UTF-8"?>
<testsuite name="ru.stqa.pft.sandbox.PointTest" tests="1" skipped="0" failures="0" errors="0" timestamp="2019-06-27T20:17:15" hostname="WINDOWS-A69E5KP" time="0.005">
  <properties/>
  <testcase name="testDistance" classname="ru.stqa.pft.sandbox.PointTest" time="0.005"/>
  <system-out><![CDATA[]]></system-out>
  <system-err><![CDATA[]]></system-err>
</testsuite>
